<?xml version="1.0" encoding="UTF-8"?>
<Site BuildName="Linux-clang++"
	BuildStamp="20250302-0948-Experimental"
	Name="WINDOWS-ROC"
	Generator="ctest-3.22.1"
	CompilerName="/usr/bin/clang++"
	CompilerVersion="14.0.0"
	OSName="Linux"
	Hostname="WINDOWS-ROC"
	OSRelease="5.15.167.4-microsoft-standard-WSL2"
	OSVersion="#1 SMP Tue Nov 5 00:21:55 UTC 2024"
	OSPlatform="x86_64"
	Is64Bits="1"
	VendorString="GenuineIntel"
	VendorID="Intel Corporation"
	FamilyID="6"
	ModelID="183"
	ProcessorCacheSize="30720"
	NumberOfLogicalCPU="24"
	NumberOfPhysicalCPU="12"
	TotalVirtualMemory="4096"
	TotalPhysicalMemory="15899"
	LogicalProcessorsPerPhysical="2"
	ProcessorClockFrequency="3417.47"
	>
	<Testing>
		<StartDateTime>Mar 02 18:17 CST</StartDateTime>
		<StartTestTime>1740910634</StartTestTime>
		<TestList/>
		<EndDateTime>Mar 02 18:17 CST</EndDateTime>
		<EndTestTime>1740910634</EndTestTime>
		<ElapsedMinutes>0</ElapsedMinutes>
	</Testing>
</Site>
