<?xml version="1.0" encoding="UTF-8"?>
<Site BuildName="Linux-clang++"
	BuildStamp="20250325-1416-Experimental"
	Name="WINDOWS-ROC"
	Generator="ctest-3.31.6"
	CompilerName="/usr/bin/clang++"
	CompilerVersion="17.0.6"
	OSName="Linux"
	Hostname="WINDOWS-ROC"
	OSRelease="5.15.167.4-microsoft-standard-WSL2"
	OSVersion="#1 SMP Tue Nov 5 00:21:55 UTC 2024"
	OSPlatform="x86_64"
	Is64Bits="1"
	VendorString="GenuineIntel"
	VendorID="Intel Corporation"
	FamilyID="6"
	ModelID="183"
	ModelName="13th Gen Intel(R) Core(TM) i7-13700KF"
	ProcessorCacheSize="30720"
	NumberOfLogicalCPU="24"
	NumberOfPhysicalCPU="12"
	TotalVirtualMemory="4096"
	TotalPhysicalMemory="15899"
	LogicalProcessorsPerPhysical="2"
	ProcessorClockFrequency="3417.6"
	>
	<Testing>
		<StartDateTime>Mar 25 22:29 CST</StartDateTime>
		<StartTestTime>1742912999</StartTestTime>
		<TestList/>
		<EndDateTime>Mar 25 22:29 CST</EndDateTime>
		<EndTestTime>1742912999</EndTestTime>
		<ElapsedMinutes>0</ElapsedMinutes>
	</Testing>
</Site>
